2022-09-30 10:48:21,047 ERROR 367 [-/undefined/-/1826ms GET /] nodejs.SyntaxError: Unexpected token 'o', "[object Promise]" is not valid JSON
    at JSON.parse (<anonymous>)
    at HomeService.seaportFunction (/home/projects/webcontainer-egg-ct8fkp/app/service/home.js:36:36)
    at async HomeService.getOpenseaData (/home/projects/webcontainer-egg-ct8fkp/app/service/home.js:26:12)
    at async HomeController.index (/home/projects/webcontainer-egg-ct8fkp/app/controller/home.js:6:18)
    at async eval (/home/projects/webcontainer-egg-ct8fkp/node_modules/egg-development/app/middleware/egg_loader_trace.js:9:50)
    at async xssProtection (/home/projects/webcontainer-egg-ct8fkp/node_modules/egg-security/lib/middlewares/xssProtection.js:7:5)
    at async nosniff (/home/projects/webcontainer-egg-ct8fkp/node_modules/egg-security/lib/middlewares/nosniff.js:8:5)
    at async noopen (/home/projects/webcontainer-egg-ct8fkp/node_modules/egg-security/lib/middlewares/noopen.js:8:5)
    at async session (/home/projects/webcontainer-egg-ct8fkp/node_modules/koa-session/index.js:41:7)
    at async bodyParser (/home/projects/webcontainer-egg-ct8fkp/node_modules/koa-bodyparser/index.js:95:5)

pid: 367
hostname: webcontainer-egg-ct8fkp

2022-09-30 12:57:35,877 ERROR 407 [-/undefined/-/2823ms GET /] nodejs.TypeError: Property description must be an object: 207623
    at _0x57f34d.create (<anonymous>)
    at HomeService.seaportFunction (/home/projects/webcontainer-egg-ct8fkp/app/service/home.js:41:19)
    at async HomeService.getOpenseaData (/home/projects/webcontainer-egg-ct8fkp/app/service/home.js:26:12)
    at async HomeController.index (/home/projects/webcontainer-egg-ct8fkp/app/controller/home.js:6:18)
    at async eval (/home/projects/webcontainer-egg-ct8fkp/node_modules/egg-development/app/middleware/egg_loader_trace.js:9:50)
    at async xssProtection (/home/projects/webcontainer-egg-ct8fkp/node_modules/egg-security/lib/middlewares/xssProtection.js:7:5)
    at async nosniff (/home/projects/webcontainer-egg-ct8fkp/node_modules/egg-security/lib/middlewares/nosniff.js:8:5)
    at async noopen (/home/projects/webcontainer-egg-ct8fkp/node_modules/egg-security/lib/middlewares/noopen.js:8:5)
    at async session (/home/projects/webcontainer-egg-ct8fkp/node_modules/koa-session/index.js:41:7)
    at async bodyParser (/home/projects/webcontainer-egg-ct8fkp/node_modules/koa-bodyparser/index.js:95:5)

pid: 407
hostname: webcontainer-egg-ct8fkp

2022-09-30 12:59:54,053 ERROR 419 [-/undefined/-/2700ms GET /] nodejs.TypeError: Method Promise.prototype.then called on incompatible receiver #<Promise>
    at Promise.then (<anonymous>)

pid: 419
hostname: webcontainer-egg-ct8fkp

2022-09-30 13:00:48,278 ERROR 423 [-/undefined/-/1995ms GET /] nodejs.TypeError: Object.assing is not a function
    at HomeService.seaportFunction (/home/projects/webcontainer-egg-ct8fkp/app/service/home.js:41:19)
    at async HomeService.getOpenseaData (/home/projects/webcontainer-egg-ct8fkp/app/service/home.js:26:12)
    at async HomeController.index (/home/projects/webcontainer-egg-ct8fkp/app/controller/home.js:6:18)
    at async eval (/home/projects/webcontainer-egg-ct8fkp/node_modules/egg-development/app/middleware/egg_loader_trace.js:9:50)
    at async xssProtection (/home/projects/webcontainer-egg-ct8fkp/node_modules/egg-security/lib/middlewares/xssProtection.js:7:5)
    at async nosniff (/home/projects/webcontainer-egg-ct8fkp/node_modules/egg-security/lib/middlewares/nosniff.js:8:5)
    at async noopen (/home/projects/webcontainer-egg-ct8fkp/node_modules/egg-security/lib/middlewares/noopen.js:8:5)
    at async session (/home/projects/webcontainer-egg-ct8fkp/node_modules/koa-session/index.js:41:7)
    at async bodyParser (/home/projects/webcontainer-egg-ct8fkp/node_modules/koa-bodyparser/index.js:95:5)
    at async eval (/home/projects/webcontainer-egg-ct8fkp/node_modules/koa-static-cache/index.js:41:56)

pid: 423
hostname: webcontainer-egg-ct8fkp

2022-09-30 14:09:17,166 ERROR 483 [-/undefined/-/7823ms GET /] nodejs.InternalServerError: 参数异常
    at Object.throw (/home/projects/webcontainer-egg-ct8fkp/node_modules/koa/lib/context.js:97:11)
    at HomeController.index (/home/projects/webcontainer-egg-ct8fkp/app/controller/home.js:9:21)
    at async errrorHanlder (/home/projects/webcontainer-egg-ct8fkp/app/middleware/error_hanlder.js:4:7)
    at async eval (/home/projects/webcontainer-egg-ct8fkp/node_modules/egg-development/app/middleware/egg_loader_trace.js:9:50)
    at async xssProtection (/home/projects/webcontainer-egg-ct8fkp/node_modules/egg-security/lib/middlewares/xssProtection.js:7:5)
    at async nosniff (/home/projects/webcontainer-egg-ct8fkp/node_modules/egg-security/lib/middlewares/nosniff.js:8:5)
    at async noopen (/home/projects/webcontainer-egg-ct8fkp/node_modules/egg-security/lib/middlewares/noopen.js:8:5)
    at async session (/home/projects/webcontainer-egg-ct8fkp/node_modules/koa-session/index.js:41:7)
    at async bodyParser (/home/projects/webcontainer-egg-ct8fkp/node_modules/koa-bodyparser/index.js:95:5)
    at async eval (/home/projects/webcontainer-egg-ct8fkp/node_modules/koa-static-cache/index.js:41:56)
message: "参数异常"
pid: 483
hostname: webcontainer-egg-ct8fkp

2022-09-30 14:09:24,511 ERROR 483 [-/undefined/-/14421ms GET /] nodejs.InternalServerError: 参数异常
    at Object.throw (/home/projects/webcontainer-egg-ct8fkp/node_modules/koa/lib/context.js:97:11)
    at HomeController.index (/home/projects/webcontainer-egg-ct8fkp/app/controller/home.js:9:21)
    at async errrorHanlder (/home/projects/webcontainer-egg-ct8fkp/app/middleware/error_hanlder.js:4:7)
    at async eval (/home/projects/webcontainer-egg-ct8fkp/node_modules/egg-development/app/middleware/egg_loader_trace.js:9:50)
    at async xssProtection (/home/projects/webcontainer-egg-ct8fkp/node_modules/egg-security/lib/middlewares/xssProtection.js:7:5)
    at async nosniff (/home/projects/webcontainer-egg-ct8fkp/node_modules/egg-security/lib/middlewares/nosniff.js:8:5)
    at async noopen (/home/projects/webcontainer-egg-ct8fkp/node_modules/egg-security/lib/middlewares/noopen.js:8:5)
    at async session (/home/projects/webcontainer-egg-ct8fkp/node_modules/koa-session/index.js:41:7)
    at async bodyParser (/home/projects/webcontainer-egg-ct8fkp/node_modules/koa-bodyparser/index.js:95:5)
    at async eval (/home/projects/webcontainer-egg-ct8fkp/node_modules/koa-static-cache/index.js:41:56)
message: "参数异常"
pid: 483
hostname: webcontainer-egg-ct8fkp

2022-09-30 14:11:18,571 ERROR 487 [-/undefined/-/722ms GET /] nodejs.TypeError: Cannot read properties of undefined (reading 'protocol_data')
    at HomeService.getOpenseaData (/home/projects/webcontainer-egg-ct8fkp/app/service/home.js:26:61)
    at async HomeController.index (/home/projects/webcontainer-egg-ct8fkp/app/controller/home.js:7:18)
    at async errrorHanlder (/home/projects/webcontainer-egg-ct8fkp/app/middleware/error_hanlder.js:4:7)
    at async eval (/home/projects/webcontainer-egg-ct8fkp/node_modules/egg-development/app/middleware/egg_loader_trace.js:9:50)
    at async xssProtection (/home/projects/webcontainer-egg-ct8fkp/node_modules/egg-security/lib/middlewares/xssProtection.js:7:5)
    at async nosniff (/home/projects/webcontainer-egg-ct8fkp/node_modules/egg-security/lib/middlewares/nosniff.js:8:5)
    at async noopen (/home/projects/webcontainer-egg-ct8fkp/node_modules/egg-security/lib/middlewares/noopen.js:8:5)
    at async session (/home/projects/webcontainer-egg-ct8fkp/node_modules/koa-session/index.js:41:7)
    at async bodyParser (/home/projects/webcontainer-egg-ct8fkp/node_modules/koa-bodyparser/index.js:95:5)
    at async eval (/home/projects/webcontainer-egg-ct8fkp/node_modules/koa-static-cache/index.js:41:56)

pid: 487
hostname: webcontainer-egg-ct8fkp

2022-09-30 14:11:18,573 ERROR 487 [-/undefined/-/724ms GET /] nodejs.AssertionError: status code must be a number
    at set status [as status] (/home/projects/webcontainer-egg-ct8fkp/node_modules/koa/lib/response.js:86:5)
    at Object.eval [as status] (/home/projects/webcontainer-egg-ct8fkp/node_modules/delegates/index.js:92:31)
    at errrorHanlder (/home/projects/webcontainer-egg-ct8fkp/app/middleware/error_hanlder.js:9:18)
    at async eval (/home/projects/webcontainer-egg-ct8fkp/node_modules/egg-development/app/middleware/egg_loader_trace.js:9:50)
    at async xssProtection (/home/projects/webcontainer-egg-ct8fkp/node_modules/egg-security/lib/middlewares/xssProtection.js:7:5)
    at async nosniff (/home/projects/webcontainer-egg-ct8fkp/node_modules/egg-security/lib/middlewares/nosniff.js:8:5)
    at async noopen (/home/projects/webcontainer-egg-ct8fkp/node_modules/egg-security/lib/middlewares/noopen.js:8:5)
    at async session (/home/projects/webcontainer-egg-ct8fkp/node_modules/koa-session/index.js:41:7)
    at async bodyParser (/home/projects/webcontainer-egg-ct8fkp/node_modules/koa-bodyparser/index.js:95:5)
    at async eval (/home/projects/webcontainer-egg-ct8fkp/node_modules/koa-static-cache/index.js:41:56)
generatedMessage: false
code: "ERR_ASSERTION"
actual: false
expected: true
operator: "=="
pid: 487
hostname: webcontainer-egg-ct8fkp

2022-09-30 14:11:18,890 ERROR 487 [-/undefined/-/530ms GET /] nodejs.TypeError: Cannot read properties of undefined (reading 'protocol_data')
    at HomeService.getOpenseaData (/home/projects/webcontainer-egg-ct8fkp/app/service/home.js:26:61)
    at async HomeController.index (/home/projects/webcontainer-egg-ct8fkp/app/controller/home.js:7:18)
    at async errrorHanlder (/home/projects/webcontainer-egg-ct8fkp/app/middleware/error_hanlder.js:4:7)
    at async eval (/home/projects/webcontainer-egg-ct8fkp/node_modules/egg-development/app/middleware/egg_loader_trace.js:9:50)
    at async xssProtection (/home/projects/webcontainer-egg-ct8fkp/node_modules/egg-security/lib/middlewares/xssProtection.js:7:5)
    at async nosniff (/home/projects/webcontainer-egg-ct8fkp/node_modules/egg-security/lib/middlewares/nosniff.js:8:5)
    at async noopen (/home/projects/webcontainer-egg-ct8fkp/node_modules/egg-security/lib/middlewares/noopen.js:8:5)
    at async session (/home/projects/webcontainer-egg-ct8fkp/node_modules/koa-session/index.js:41:7)
    at async bodyParser (/home/projects/webcontainer-egg-ct8fkp/node_modules/koa-bodyparser/index.js:95:5)
    at async eval (/home/projects/webcontainer-egg-ct8fkp/node_modules/koa-static-cache/index.js:41:56)

pid: 487
hostname: webcontainer-egg-ct8fkp

2022-09-30 14:11:18,890 ERROR 487 [-/undefined/-/530ms GET /] nodejs.AssertionError: status code must be a number
    at set status [as status] (/home/projects/webcontainer-egg-ct8fkp/node_modules/koa/lib/response.js:86:5)
    at Object.eval [as status] (/home/projects/webcontainer-egg-ct8fkp/node_modules/delegates/index.js:92:31)
    at errrorHanlder (/home/projects/webcontainer-egg-ct8fkp/app/middleware/error_hanlder.js:9:18)
    at async eval (/home/projects/webcontainer-egg-ct8fkp/node_modules/egg-development/app/middleware/egg_loader_trace.js:9:50)
    at async xssProtection (/home/projects/webcontainer-egg-ct8fkp/node_modules/egg-security/lib/middlewares/xssProtection.js:7:5)
    at async nosniff (/home/projects/webcontainer-egg-ct8fkp/node_modules/egg-security/lib/middlewares/nosniff.js:8:5)
    at async noopen (/home/projects/webcontainer-egg-ct8fkp/node_modules/egg-security/lib/middlewares/noopen.js:8:5)
    at async session (/home/projects/webcontainer-egg-ct8fkp/node_modules/koa-session/index.js:41:7)
    at async bodyParser (/home/projects/webcontainer-egg-ct8fkp/node_modules/koa-bodyparser/index.js:95:5)
    at async eval (/home/projects/webcontainer-egg-ct8fkp/node_modules/koa-static-cache/index.js:41:56)
generatedMessage: false
code: "ERR_ASSERTION"
actual: false
expected: true
operator: "=="
pid: 487
hostname: webcontainer-egg-ct8fkp

2022-09-30 14:17:40,676 ERROR 491 [-/undefined/-/838ms GET /] nodejs.TypeError: Cannot read properties of undefined (reading 'protocol_data')
    at HomeService.getOpenseaData (/home/projects/webcontainer-egg-ct8fkp/app/service/home.js:26:61)
    at async HomeController.index (/home/projects/webcontainer-egg-ct8fkp/app/controller/home.js:7:18)
    at async errrorHanlder (/home/projects/webcontainer-egg-ct8fkp/app/middleware/error_hanlder.js:4:7)
    at async eval (/home/projects/webcontainer-egg-ct8fkp/node_modules/egg-development/app/middleware/egg_loader_trace.js:9:50)
    at async xssProtection (/home/projects/webcontainer-egg-ct8fkp/node_modules/egg-security/lib/middlewares/xssProtection.js:7:5)
    at async nosniff (/home/projects/webcontainer-egg-ct8fkp/node_modules/egg-security/lib/middlewares/nosniff.js:8:5)
    at async noopen (/home/projects/webcontainer-egg-ct8fkp/node_modules/egg-security/lib/middlewares/noopen.js:8:5)
    at async session (/home/projects/webcontainer-egg-ct8fkp/node_modules/koa-session/index.js:41:7)
    at async bodyParser (/home/projects/webcontainer-egg-ct8fkp/node_modules/koa-bodyparser/index.js:95:5)
    at async eval (/home/projects/webcontainer-egg-ct8fkp/node_modules/koa-static-cache/index.js:41:56)

pid: 491
hostname: webcontainer-egg-ct8fkp

2022-09-30 14:17:40,678 ERROR 491 [-/undefined/-/840ms GET /] nodejs.AssertionError: status code must be a number
    at set status [as status] (/home/projects/webcontainer-egg-ct8fkp/node_modules/koa/lib/response.js:86:5)
    at Object.eval [as status] (/home/projects/webcontainer-egg-ct8fkp/node_modules/delegates/index.js:92:31)
    at errrorHanlder (/home/projects/webcontainer-egg-ct8fkp/app/middleware/error_hanlder.js:9:18)
    at async eval (/home/projects/webcontainer-egg-ct8fkp/node_modules/egg-development/app/middleware/egg_loader_trace.js:9:50)
    at async xssProtection (/home/projects/webcontainer-egg-ct8fkp/node_modules/egg-security/lib/middlewares/xssProtection.js:7:5)
    at async nosniff (/home/projects/webcontainer-egg-ct8fkp/node_modules/egg-security/lib/middlewares/nosniff.js:8:5)
    at async noopen (/home/projects/webcontainer-egg-ct8fkp/node_modules/egg-security/lib/middlewares/noopen.js:8:5)
    at async session (/home/projects/webcontainer-egg-ct8fkp/node_modules/koa-session/index.js:41:7)
    at async bodyParser (/home/projects/webcontainer-egg-ct8fkp/node_modules/koa-bodyparser/index.js:95:5)
    at async eval (/home/projects/webcontainer-egg-ct8fkp/node_modules/koa-static-cache/index.js:41:56)
generatedMessage: false
code: "ERR_ASSERTION"
actual: false
expected: true
operator: "=="
pid: 491
hostname: webcontainer-egg-ct8fkp

2022-09-30 14:21:49,161 ERROR 491 [-/undefined/-/405ms GET /?token=123] nodejs.TypeError: Cannot read properties of undefined (reading 'protocol_data')
    at HomeService.getOpenseaData (/home/projects/webcontainer-egg-ct8fkp/app/service/home.js:26:61)
    at async HomeController.index (/home/projects/webcontainer-egg-ct8fkp/app/controller/home.js:7:18)
    at async errrorHanlder (/home/projects/webcontainer-egg-ct8fkp/app/middleware/error_hanlder.js:4:7)
    at async eval (/home/projects/webcontainer-egg-ct8fkp/node_modules/egg-development/app/middleware/egg_loader_trace.js:9:50)
    at async xssProtection (/home/projects/webcontainer-egg-ct8fkp/node_modules/egg-security/lib/middlewares/xssProtection.js:7:5)
    at async nosniff (/home/projects/webcontainer-egg-ct8fkp/node_modules/egg-security/lib/middlewares/nosniff.js:8:5)
    at async noopen (/home/projects/webcontainer-egg-ct8fkp/node_modules/egg-security/lib/middlewares/noopen.js:8:5)
    at async session (/home/projects/webcontainer-egg-ct8fkp/node_modules/koa-session/index.js:41:7)
    at async bodyParser (/home/projects/webcontainer-egg-ct8fkp/node_modules/koa-bodyparser/index.js:95:5)
    at async eval (/home/projects/webcontainer-egg-ct8fkp/node_modules/koa-static-cache/index.js:41:56)

pid: 491
hostname: webcontainer-egg-ct8fkp

2022-09-30 14:21:49,161 ERROR 491 [-/undefined/-/405ms GET /?token=123] nodejs.AssertionError: status code must be a number
    at set status [as status] (/home/projects/webcontainer-egg-ct8fkp/node_modules/koa/lib/response.js:86:5)
    at Object.eval [as status] (/home/projects/webcontainer-egg-ct8fkp/node_modules/delegates/index.js:92:31)
    at errrorHanlder (/home/projects/webcontainer-egg-ct8fkp/app/middleware/error_hanlder.js:9:18)
    at async eval (/home/projects/webcontainer-egg-ct8fkp/node_modules/egg-development/app/middleware/egg_loader_trace.js:9:50)
    at async xssProtection (/home/projects/webcontainer-egg-ct8fkp/node_modules/egg-security/lib/middlewares/xssProtection.js:7:5)
    at async nosniff (/home/projects/webcontainer-egg-ct8fkp/node_modules/egg-security/lib/middlewares/nosniff.js:8:5)
    at async noopen (/home/projects/webcontainer-egg-ct8fkp/node_modules/egg-security/lib/middlewares/noopen.js:8:5)
    at async session (/home/projects/webcontainer-egg-ct8fkp/node_modules/koa-session/index.js:41:7)
    at async bodyParser (/home/projects/webcontainer-egg-ct8fkp/node_modules/koa-bodyparser/index.js:95:5)
    at async eval (/home/projects/webcontainer-egg-ct8fkp/node_modules/koa-static-cache/index.js:41:56)
generatedMessage: false
code: "ERR_ASSERTION"
actual: false
expected: true
operator: "=="
pid: 491
hostname: webcontainer-egg-ct8fkp

2022-09-30 14:21:49,470 ERROR 491 [-/undefined/-/698ms GET /] nodejs.TypeError: Cannot read properties of undefined (reading 'protocol_data')
    at HomeService.getOpenseaData (/home/projects/webcontainer-egg-ct8fkp/app/service/home.js:26:61)
    at async HomeController.index (/home/projects/webcontainer-egg-ct8fkp/app/controller/home.js:7:18)
    at async errrorHanlder (/home/projects/webcontainer-egg-ct8fkp/app/middleware/error_hanlder.js:4:7)
    at async eval (/home/projects/webcontainer-egg-ct8fkp/node_modules/egg-development/app/middleware/egg_loader_trace.js:9:50)
    at async xssProtection (/home/projects/webcontainer-egg-ct8fkp/node_modules/egg-security/lib/middlewares/xssProtection.js:7:5)
    at async nosniff (/home/projects/webcontainer-egg-ct8fkp/node_modules/egg-security/lib/middlewares/nosniff.js:8:5)
    at async noopen (/home/projects/webcontainer-egg-ct8fkp/node_modules/egg-security/lib/middlewares/noopen.js:8:5)
    at async session (/home/projects/webcontainer-egg-ct8fkp/node_modules/koa-session/index.js:41:7)
    at async bodyParser (/home/projects/webcontainer-egg-ct8fkp/node_modules/koa-bodyparser/index.js:95:5)
    at async eval (/home/projects/webcontainer-egg-ct8fkp/node_modules/koa-static-cache/index.js:41:56)

pid: 491
hostname: webcontainer-egg-ct8fkp

2022-09-30 14:21:49,471 ERROR 491 [-/undefined/-/699ms GET /] nodejs.AssertionError: status code must be a number
    at set status [as status] (/home/projects/webcontainer-egg-ct8fkp/node_modules/koa/lib/response.js:86:5)
    at Object.eval [as status] (/home/projects/webcontainer-egg-ct8fkp/node_modules/delegates/index.js:92:31)
    at errrorHanlder (/home/projects/webcontainer-egg-ct8fkp/app/middleware/error_hanlder.js:9:18)
    at async eval (/home/projects/webcontainer-egg-ct8fkp/node_modules/egg-development/app/middleware/egg_loader_trace.js:9:50)
    at async xssProtection (/home/projects/webcontainer-egg-ct8fkp/node_modules/egg-security/lib/middlewares/xssProtection.js:7:5)
    at async nosniff (/home/projects/webcontainer-egg-ct8fkp/node_modules/egg-security/lib/middlewares/nosniff.js:8:5)
    at async noopen (/home/projects/webcontainer-egg-ct8fkp/node_modules/egg-security/lib/middlewares/noopen.js:8:5)
    at async session (/home/projects/webcontainer-egg-ct8fkp/node_modules/koa-session/index.js:41:7)
    at async bodyParser (/home/projects/webcontainer-egg-ct8fkp/node_modules/koa-bodyparser/index.js:95:5)
    at async eval (/home/projects/webcontainer-egg-ct8fkp/node_modules/koa-static-cache/index.js:41:56)
generatedMessage: false
code: "ERR_ASSERTION"
actual: false
expected: true
operator: "=="
pid: 491
hostname: webcontainer-egg-ct8fkp

2022-09-30 14:21:49,799 ERROR 491 [-/undefined/-/778ms GET /?token=123] nodejs.TypeError: Cannot read properties of undefined (reading 'protocol_data')
    at HomeService.getOpenseaData (/home/projects/webcontainer-egg-ct8fkp/app/service/home.js:26:61)
    at async HomeController.index (/home/projects/webcontainer-egg-ct8fkp/app/controller/home.js:7:18)
    at async errrorHanlder (/home/projects/webcontainer-egg-ct8fkp/app/middleware/error_hanlder.js:4:7)
    at async eval (/home/projects/webcontainer-egg-ct8fkp/node_modules/egg-development/app/middleware/egg_loader_trace.js:9:50)
    at async xssProtection (/home/projects/webcontainer-egg-ct8fkp/node_modules/egg-security/lib/middlewares/xssProtection.js:7:5)
    at async nosniff (/home/projects/webcontainer-egg-ct8fkp/node_modules/egg-security/lib/middlewares/nosniff.js:8:5)
    at async noopen (/home/projects/webcontainer-egg-ct8fkp/node_modules/egg-security/lib/middlewares/noopen.js:8:5)
    at async session (/home/projects/webcontainer-egg-ct8fkp/node_modules/koa-session/index.js:41:7)
    at async bodyParser (/home/projects/webcontainer-egg-ct8fkp/node_modules/koa-bodyparser/index.js:95:5)
    at async eval (/home/projects/webcontainer-egg-ct8fkp/node_modules/koa-static-cache/index.js:41:56)

pid: 491
hostname: webcontainer-egg-ct8fkp

2022-09-30 14:21:49,801 ERROR 491 [-/undefined/-/780ms GET /?token=123] nodejs.AssertionError: status code must be a number
    at set status [as status] (/home/projects/webcontainer-egg-ct8fkp/node_modules/koa/lib/response.js:86:5)
    at Object.eval [as status] (/home/projects/webcontainer-egg-ct8fkp/node_modules/delegates/index.js:92:31)
    at errrorHanlder (/home/projects/webcontainer-egg-ct8fkp/app/middleware/error_hanlder.js:9:18)
    at async eval (/home/projects/webcontainer-egg-ct8fkp/node_modules/egg-development/app/middleware/egg_loader_trace.js:9:50)
    at async xssProtection (/home/projects/webcontainer-egg-ct8fkp/node_modules/egg-security/lib/middlewares/xssProtection.js:7:5)
    at async nosniff (/home/projects/webcontainer-egg-ct8fkp/node_modules/egg-security/lib/middlewares/nosniff.js:8:5)
    at async noopen (/home/projects/webcontainer-egg-ct8fkp/node_modules/egg-security/lib/middlewares/noopen.js:8:5)
    at async session (/home/projects/webcontainer-egg-ct8fkp/node_modules/koa-session/index.js:41:7)
    at async bodyParser (/home/projects/webcontainer-egg-ct8fkp/node_modules/koa-bodyparser/index.js:95:5)
    at async eval (/home/projects/webcontainer-egg-ct8fkp/node_modules/koa-static-cache/index.js:41:56)
generatedMessage: false
code: "ERR_ASSERTION"
actual: false
expected: true
operator: "=="
pid: 491
hostname: webcontainer-egg-ct8fkp

2022-09-30 14:22:05,645 ERROR 495 [-/undefined/-/2572ms GET /] nodejs.InternalServerError: 参数异常
    at Object.throw (/home/projects/webcontainer-egg-ct8fkp/node_modules/koa/lib/context.js:97:11)
    at HomeController.index (/home/projects/webcontainer-egg-ct8fkp/app/controller/home.js:10:21)
    at async errrorHanlder (/home/projects/webcontainer-egg-ct8fkp/app/middleware/error_hanlder.js:4:7)
    at async eval (/home/projects/webcontainer-egg-ct8fkp/node_modules/egg-development/app/middleware/egg_loader_trace.js:9:50)
    at async xssProtection (/home/projects/webcontainer-egg-ct8fkp/node_modules/egg-security/lib/middlewares/xssProtection.js:7:5)
    at async nosniff (/home/projects/webcontainer-egg-ct8fkp/node_modules/egg-security/lib/middlewares/nosniff.js:8:5)
    at async noopen (/home/projects/webcontainer-egg-ct8fkp/node_modules/egg-security/lib/middlewares/noopen.js:8:5)
    at async session (/home/projects/webcontainer-egg-ct8fkp/node_modules/koa-session/index.js:41:7)
    at async bodyParser (/home/projects/webcontainer-egg-ct8fkp/node_modules/koa-bodyparser/index.js:95:5)
    at async eval (/home/projects/webcontainer-egg-ct8fkp/node_modules/koa-static-cache/index.js:41:56)
message: "参数异常"
pid: 495
hostname: webcontainer-egg-ct8fkp

2022-09-30 14:22:06,535 ERROR 495 [-/undefined/-/3432ms GET /?token=123] nodejs.InternalServerError: 参数异常
    at Object.throw (/home/projects/webcontainer-egg-ct8fkp/node_modules/koa/lib/context.js:97:11)
    at HomeController.index (/home/projects/webcontainer-egg-ct8fkp/app/controller/home.js:10:21)
    at async errrorHanlder (/home/projects/webcontainer-egg-ct8fkp/app/middleware/error_hanlder.js:4:7)
    at async eval (/home/projects/webcontainer-egg-ct8fkp/node_modules/egg-development/app/middleware/egg_loader_trace.js:9:50)
    at async xssProtection (/home/projects/webcontainer-egg-ct8fkp/node_modules/egg-security/lib/middlewares/xssProtection.js:7:5)
    at async nosniff (/home/projects/webcontainer-egg-ct8fkp/node_modules/egg-security/lib/middlewares/nosniff.js:8:5)
    at async noopen (/home/projects/webcontainer-egg-ct8fkp/node_modules/egg-security/lib/middlewares/noopen.js:8:5)
    at async session (/home/projects/webcontainer-egg-ct8fkp/node_modules/koa-session/index.js:41:7)
    at async bodyParser (/home/projects/webcontainer-egg-ct8fkp/node_modules/koa-bodyparser/index.js:95:5)
    at async eval (/home/projects/webcontainer-egg-ct8fkp/node_modules/koa-static-cache/index.js:41:56)
message: "参数异常"
pid: 495
hostname: webcontainer-egg-ct8fkp

2022-09-30 14:23:56,913 ERROR 499 [-/undefined/-/2923ms GET /] nodejs.InternalServerError: 参数异常
    at Object.throw (/home/projects/webcontainer-egg-ct8fkp/node_modules/koa/lib/context.js:97:11)
    at HomeController.index (/home/projects/webcontainer-egg-ct8fkp/app/controller/home.js:10:21)
    at async errrorHanlder (/home/projects/webcontainer-egg-ct8fkp/app/middleware/error_hanlder.js:4:7)
    at async eval (/home/projects/webcontainer-egg-ct8fkp/node_modules/egg-development/app/middleware/egg_loader_trace.js:9:50)
    at async xssProtection (/home/projects/webcontainer-egg-ct8fkp/node_modules/egg-security/lib/middlewares/xssProtection.js:7:5)
    at async nosniff (/home/projects/webcontainer-egg-ct8fkp/node_modules/egg-security/lib/middlewares/nosniff.js:8:5)
    at async noopen (/home/projects/webcontainer-egg-ct8fkp/node_modules/egg-security/lib/middlewares/noopen.js:8:5)
    at async session (/home/projects/webcontainer-egg-ct8fkp/node_modules/koa-session/index.js:41:7)
    at async bodyParser (/home/projects/webcontainer-egg-ct8fkp/node_modules/koa-bodyparser/index.js:95:5)
    at async eval (/home/projects/webcontainer-egg-ct8fkp/node_modules/koa-static-cache/index.js:41:56)
message: "参数异常"
pid: 499
hostname: webcontainer-egg-ct8fkp

2022-09-30 14:28:08,472 ERROR 503 [-/undefined/-/518ms GET /] nodejs.TypeError: Cannot read properties of undefined (reading 'protocol_data')
    at HomeService.getOpenseaData (/home/projects/webcontainer-egg-ct8fkp/app/service/home.js:26:61)
    at async HomeController.index (/home/projects/webcontainer-egg-ct8fkp/app/controller/home.js:7:18)
    at async errrorHanlder (/home/projects/webcontainer-egg-ct8fkp/app/middleware/error_hanlder.js:4:7)
    at async eval (/home/projects/webcontainer-egg-ct8fkp/node_modules/egg-development/app/middleware/egg_loader_trace.js:9:50)
    at async xssProtection (/home/projects/webcontainer-egg-ct8fkp/node_modules/egg-security/lib/middlewares/xssProtection.js:7:5)
    at async nosniff (/home/projects/webcontainer-egg-ct8fkp/node_modules/egg-security/lib/middlewares/nosniff.js:8:5)
    at async noopen (/home/projects/webcontainer-egg-ct8fkp/node_modules/egg-security/lib/middlewares/noopen.js:8:5)
    at async session (/home/projects/webcontainer-egg-ct8fkp/node_modules/koa-session/index.js:41:7)
    at async bodyParser (/home/projects/webcontainer-egg-ct8fkp/node_modules/koa-bodyparser/index.js:95:5)
    at async eval (/home/projects/webcontainer-egg-ct8fkp/node_modules/koa-static-cache/index.js:41:56)

pid: 503
hostname: webcontainer-egg-ct8fkp

2022-09-30 14:28:08,474 ERROR 503 [-/undefined/-/520ms GET /] nodejs.AssertionError: status code must be a number
    at set status [as status] (/home/projects/webcontainer-egg-ct8fkp/node_modules/koa/lib/response.js:86:5)
    at Object.eval [as status] (/home/projects/webcontainer-egg-ct8fkp/node_modules/delegates/index.js:92:31)
    at errrorHanlder (/home/projects/webcontainer-egg-ct8fkp/app/middleware/error_hanlder.js:9:18)
    at async eval (/home/projects/webcontainer-egg-ct8fkp/node_modules/egg-development/app/middleware/egg_loader_trace.js:9:50)
    at async xssProtection (/home/projects/webcontainer-egg-ct8fkp/node_modules/egg-security/lib/middlewares/xssProtection.js:7:5)
    at async nosniff (/home/projects/webcontainer-egg-ct8fkp/node_modules/egg-security/lib/middlewares/nosniff.js:8:5)
    at async noopen (/home/projects/webcontainer-egg-ct8fkp/node_modules/egg-security/lib/middlewares/noopen.js:8:5)
    at async session (/home/projects/webcontainer-egg-ct8fkp/node_modules/koa-session/index.js:41:7)
    at async bodyParser (/home/projects/webcontainer-egg-ct8fkp/node_modules/koa-bodyparser/index.js:95:5)
    at async eval (/home/projects/webcontainer-egg-ct8fkp/node_modules/koa-static-cache/index.js:41:56)
generatedMessage: false
code: "ERR_ASSERTION"
actual: false
expected: true
operator: "=="
pid: 503
hostname: webcontainer-egg-ct8fkp

2022-09-30 14:28:09,026 ERROR 503 [-/undefined/-/358ms GET /] nodejs.TypeError: Cannot read properties of undefined (reading 'protocol_data')
    at HomeService.getOpenseaData (/home/projects/webcontainer-egg-ct8fkp/app/service/home.js:26:61)
    at async HomeController.index (/home/projects/webcontainer-egg-ct8fkp/app/controller/home.js:7:18)
    at async errrorHanlder (/home/projects/webcontainer-egg-ct8fkp/app/middleware/error_hanlder.js:4:7)
    at async eval (/home/projects/webcontainer-egg-ct8fkp/node_modules/egg-development/app/middleware/egg_loader_trace.js:9:50)
    at async xssProtection (/home/projects/webcontainer-egg-ct8fkp/node_modules/egg-security/lib/middlewares/xssProtection.js:7:5)
    at async nosniff (/home/projects/webcontainer-egg-ct8fkp/node_modules/egg-security/lib/middlewares/nosniff.js:8:5)
    at async noopen (/home/projects/webcontainer-egg-ct8fkp/node_modules/egg-security/lib/middlewares/noopen.js:8:5)
    at async session (/home/projects/webcontainer-egg-ct8fkp/node_modules/koa-session/index.js:41:7)
    at async bodyParser (/home/projects/webcontainer-egg-ct8fkp/node_modules/koa-bodyparser/index.js:95:5)
    at async eval (/home/projects/webcontainer-egg-ct8fkp/node_modules/koa-static-cache/index.js:41:56)

pid: 503
hostname: webcontainer-egg-ct8fkp

2022-09-30 14:28:09,026 ERROR 503 [-/undefined/-/358ms GET /] nodejs.AssertionError: status code must be a number
    at set status [as status] (/home/projects/webcontainer-egg-ct8fkp/node_modules/koa/lib/response.js:86:5)
    at Object.eval [as status] (/home/projects/webcontainer-egg-ct8fkp/node_modules/delegates/index.js:92:31)
    at errrorHanlder (/home/projects/webcontainer-egg-ct8fkp/app/middleware/error_hanlder.js:9:18)
    at async eval (/home/projects/webcontainer-egg-ct8fkp/node_modules/egg-development/app/middleware/egg_loader_trace.js:9:50)
    at async xssProtection (/home/projects/webcontainer-egg-ct8fkp/node_modules/egg-security/lib/middlewares/xssProtection.js:7:5)
    at async nosniff (/home/projects/webcontainer-egg-ct8fkp/node_modules/egg-security/lib/middlewares/nosniff.js:8:5)
    at async noopen (/home/projects/webcontainer-egg-ct8fkp/node_modules/egg-security/lib/middlewares/noopen.js:8:5)
    at async session (/home/projects/webcontainer-egg-ct8fkp/node_modules/koa-session/index.js:41:7)
    at async bodyParser (/home/projects/webcontainer-egg-ct8fkp/node_modules/koa-bodyparser/index.js:95:5)
    at async eval (/home/projects/webcontainer-egg-ct8fkp/node_modules/koa-static-cache/index.js:41:56)
generatedMessage: false
code: "ERR_ASSERTION"
actual: false
expected: true
operator: "=="
pid: 503
hostname: webcontainer-egg-ct8fkp

2022-09-30 14:28:44,417 ERROR 507 [-/undefined/-/2401ms GET /] nodejs.InternalServerError: 参数异常
    at Object.throw (/home/projects/webcontainer-egg-ct8fkp/node_modules/koa/lib/context.js:97:11)
    at HomeController.index (/home/projects/webcontainer-egg-ct8fkp/app/controller/home.js:10:21)
    at async errrorHanlder (/home/projects/webcontainer-egg-ct8fkp/app/middleware/error_hanlder.js:4:7)
    at async eval (/home/projects/webcontainer-egg-ct8fkp/node_modules/egg-development/app/middleware/egg_loader_trace.js:9:50)
    at async xssProtection (/home/projects/webcontainer-egg-ct8fkp/node_modules/egg-security/lib/middlewares/xssProtection.js:7:5)
    at async nosniff (/home/projects/webcontainer-egg-ct8fkp/node_modules/egg-security/lib/middlewares/nosniff.js:8:5)
    at async noopen (/home/projects/webcontainer-egg-ct8fkp/node_modules/egg-security/lib/middlewares/noopen.js:8:5)
    at async session (/home/projects/webcontainer-egg-ct8fkp/node_modules/koa-session/index.js:41:7)
    at async bodyParser (/home/projects/webcontainer-egg-ct8fkp/node_modules/koa-bodyparser/index.js:95:5)
    at async eval (/home/projects/webcontainer-egg-ct8fkp/node_modules/koa-static-cache/index.js:41:56)
message: "参数异常"
pid: 507
hostname: webcontainer-egg-ct8fkp

2022-09-30 14:28:44,418 ERROR 507 [-/undefined/-/2403ms GET /] nodejs.ReferenceError: fasle is not defined
    at errrorHanlder (/home/projects/webcontainer-egg-ct8fkp/app/middleware/error_hanlder.js:11:18)
    at async eval (/home/projects/webcontainer-egg-ct8fkp/node_modules/egg-development/app/middleware/egg_loader_trace.js:9:50)
    at async xssProtection (/home/projects/webcontainer-egg-ct8fkp/node_modules/egg-security/lib/middlewares/xssProtection.js:7:5)
    at async nosniff (/home/projects/webcontainer-egg-ct8fkp/node_modules/egg-security/lib/middlewares/nosniff.js:8:5)
    at async noopen (/home/projects/webcontainer-egg-ct8fkp/node_modules/egg-security/lib/middlewares/noopen.js:8:5)
    at async session (/home/projects/webcontainer-egg-ct8fkp/node_modules/koa-session/index.js:41:7)
    at async bodyParser (/home/projects/webcontainer-egg-ct8fkp/node_modules/koa-bodyparser/index.js:95:5)
    at async eval (/home/projects/webcontainer-egg-ct8fkp/node_modules/koa-static-cache/index.js:41:56)
    at async notfound (/home/projects/webcontainer-egg-ct8fkp/node_modules/egg/app/middleware/notfound.js:5:5)
    at async meta (/home/projects/webcontainer-egg-ct8fkp/node_modules/egg/app/middleware/meta.js:17:5)

pid: 507
hostname: webcontainer-egg-ct8fkp

2022-09-30 14:30:21,632 ERROR 511 [-/undefined/-/4231ms GET /] nodejs.InternalServerError: 参数异常
    at Object.throw (/home/projects/webcontainer-egg-ct8fkp/node_modules/koa/lib/context.js:97:11)
    at HomeController.index (/home/projects/webcontainer-egg-ct8fkp/app/controller/home.js:10:21)
    at async errrorHanlder (/home/projects/webcontainer-egg-ct8fkp/app/middleware/error_hanlder.js:4:7)
    at async eval (/home/projects/webcontainer-egg-ct8fkp/node_modules/egg-development/app/middleware/egg_loader_trace.js:9:50)
    at async xssProtection (/home/projects/webcontainer-egg-ct8fkp/node_modules/egg-security/lib/middlewares/xssProtection.js:7:5)
    at async nosniff (/home/projects/webcontainer-egg-ct8fkp/node_modules/egg-security/lib/middlewares/nosniff.js:8:5)
    at async noopen (/home/projects/webcontainer-egg-ct8fkp/node_modules/egg-security/lib/middlewares/noopen.js:8:5)
    at async session (/home/projects/webcontainer-egg-ct8fkp/node_modules/koa-session/index.js:41:7)
    at async bodyParser (/home/projects/webcontainer-egg-ct8fkp/node_modules/koa-bodyparser/index.js:95:5)
    at async eval (/home/projects/webcontainer-egg-ct8fkp/node_modules/koa-static-cache/index.js:41:56)
message: "参数异常"
pid: 511
hostname: webcontainer-egg-ct8fkp

2022-09-30 14:30:21,633 ERROR 511 [-/undefined/-/4234ms GET /] nodejs.ReferenceError: fasle is not defined
    at errrorHanlder (/home/projects/webcontainer-egg-ct8fkp/app/middleware/error_hanlder.js:11:18)
    at async eval (/home/projects/webcontainer-egg-ct8fkp/node_modules/egg-development/app/middleware/egg_loader_trace.js:9:50)
    at async xssProtection (/home/projects/webcontainer-egg-ct8fkp/node_modules/egg-security/lib/middlewares/xssProtection.js:7:5)
    at async nosniff (/home/projects/webcontainer-egg-ct8fkp/node_modules/egg-security/lib/middlewares/nosniff.js:8:5)
    at async noopen (/home/projects/webcontainer-egg-ct8fkp/node_modules/egg-security/lib/middlewares/noopen.js:8:5)
    at async session (/home/projects/webcontainer-egg-ct8fkp/node_modules/koa-session/index.js:41:7)
    at async bodyParser (/home/projects/webcontainer-egg-ct8fkp/node_modules/koa-bodyparser/index.js:95:5)
    at async eval (/home/projects/webcontainer-egg-ct8fkp/node_modules/koa-static-cache/index.js:41:56)
    at async notfound (/home/projects/webcontainer-egg-ct8fkp/node_modules/egg/app/middleware/notfound.js:5:5)
    at async meta (/home/projects/webcontainer-egg-ct8fkp/node_modules/egg/app/middleware/meta.js:17:5)

pid: 511
hostname: webcontainer-egg-ct8fkp

2022-09-30 14:30:22,747 ERROR 511 [-/undefined/-/4192ms GET /] nodejs.InternalServerError: 参数异常
    at Object.throw (/home/projects/webcontainer-egg-ct8fkp/node_modules/koa/lib/context.js:97:11)
    at HomeController.index (/home/projects/webcontainer-egg-ct8fkp/app/controller/home.js:10:21)
    at async errrorHanlder (/home/projects/webcontainer-egg-ct8fkp/app/middleware/error_hanlder.js:4:7)
    at async eval (/home/projects/webcontainer-egg-ct8fkp/node_modules/egg-development/app/middleware/egg_loader_trace.js:9:50)
    at async xssProtection (/home/projects/webcontainer-egg-ct8fkp/node_modules/egg-security/lib/middlewares/xssProtection.js:7:5)
    at async nosniff (/home/projects/webcontainer-egg-ct8fkp/node_modules/egg-security/lib/middlewares/nosniff.js:8:5)
    at async noopen (/home/projects/webcontainer-egg-ct8fkp/node_modules/egg-security/lib/middlewares/noopen.js:8:5)
    at async session (/home/projects/webcontainer-egg-ct8fkp/node_modules/koa-session/index.js:41:7)
    at async bodyParser (/home/projects/webcontainer-egg-ct8fkp/node_modules/koa-bodyparser/index.js:95:5)
    at async eval (/home/projects/webcontainer-egg-ct8fkp/node_modules/koa-static-cache/index.js:41:56)
message: "参数异常"
pid: 511
hostname: webcontainer-egg-ct8fkp

2022-09-30 14:30:22,748 ERROR 511 [-/undefined/-/4193ms GET /] nodejs.ReferenceError: fasle is not defined
    at errrorHanlder (/home/projects/webcontainer-egg-ct8fkp/app/middleware/error_hanlder.js:11:18)
    at async eval (/home/projects/webcontainer-egg-ct8fkp/node_modules/egg-development/app/middleware/egg_loader_trace.js:9:50)
    at async xssProtection (/home/projects/webcontainer-egg-ct8fkp/node_modules/egg-security/lib/middlewares/xssProtection.js:7:5)
    at async nosniff (/home/projects/webcontainer-egg-ct8fkp/node_modules/egg-security/lib/middlewares/nosniff.js:8:5)
    at async noopen (/home/projects/webcontainer-egg-ct8fkp/node_modules/egg-security/lib/middlewares/noopen.js:8:5)
    at async session (/home/projects/webcontainer-egg-ct8fkp/node_modules/koa-session/index.js:41:7)
    at async bodyParser (/home/projects/webcontainer-egg-ct8fkp/node_modules/koa-bodyparser/index.js:95:5)
    at async eval (/home/projects/webcontainer-egg-ct8fkp/node_modules/koa-static-cache/index.js:41:56)
    at async notfound (/home/projects/webcontainer-egg-ct8fkp/node_modules/egg/app/middleware/notfound.js:5:5)
    at async meta (/home/projects/webcontainer-egg-ct8fkp/node_modules/egg/app/middleware/meta.js:17:5)

pid: 511
hostname: webcontainer-egg-ct8fkp

2022-09-30 14:30:23,190 ERROR 511 [-/undefined/-/3965ms GET /] nodejs.InternalServerError: 参数异常
    at Object.throw (/home/projects/webcontainer-egg-ct8fkp/node_modules/koa/lib/context.js:97:11)
    at HomeController.index (/home/projects/webcontainer-egg-ct8fkp/app/controller/home.js:10:21)
    at async errrorHanlder (/home/projects/webcontainer-egg-ct8fkp/app/middleware/error_hanlder.js:4:7)
    at async eval (/home/projects/webcontainer-egg-ct8fkp/node_modules/egg-development/app/middleware/egg_loader_trace.js:9:50)
    at async xssProtection (/home/projects/webcontainer-egg-ct8fkp/node_modules/egg-security/lib/middlewares/xssProtection.js:7:5)
    at async nosniff (/home/projects/webcontainer-egg-ct8fkp/node_modules/egg-security/lib/middlewares/nosniff.js:8:5)
    at async noopen (/home/projects/webcontainer-egg-ct8fkp/node_modules/egg-security/lib/middlewares/noopen.js:8:5)
    at async session (/home/projects/webcontainer-egg-ct8fkp/node_modules/koa-session/index.js:41:7)
    at async bodyParser (/home/projects/webcontainer-egg-ct8fkp/node_modules/koa-bodyparser/index.js:95:5)
    at async eval (/home/projects/webcontainer-egg-ct8fkp/node_modules/koa-static-cache/index.js:41:56)
message: "参数异常"
pid: 511
hostname: webcontainer-egg-ct8fkp

2022-09-30 14:30:23,191 ERROR 511 [-/undefined/-/3966ms GET /] nodejs.ReferenceError: fasle is not defined
    at errrorHanlder (/home/projects/webcontainer-egg-ct8fkp/app/middleware/error_hanlder.js:11:18)
    at async eval (/home/projects/webcontainer-egg-ct8fkp/node_modules/egg-development/app/middleware/egg_loader_trace.js:9:50)
    at async xssProtection (/home/projects/webcontainer-egg-ct8fkp/node_modules/egg-security/lib/middlewares/xssProtection.js:7:5)
    at async nosniff (/home/projects/webcontainer-egg-ct8fkp/node_modules/egg-security/lib/middlewares/nosniff.js:8:5)
    at async noopen (/home/projects/webcontainer-egg-ct8fkp/node_modules/egg-security/lib/middlewares/noopen.js:8:5)
    at async session (/home/projects/webcontainer-egg-ct8fkp/node_modules/koa-session/index.js:41:7)
    at async bodyParser (/home/projects/webcontainer-egg-ct8fkp/node_modules/koa-bodyparser/index.js:95:5)
    at async eval (/home/projects/webcontainer-egg-ct8fkp/node_modules/koa-static-cache/index.js:41:56)
    at async notfound (/home/projects/webcontainer-egg-ct8fkp/node_modules/egg/app/middleware/notfound.js:5:5)
    at async meta (/home/projects/webcontainer-egg-ct8fkp/node_modules/egg/app/middleware/meta.js:17:5)

pid: 511
hostname: webcontainer-egg-ct8fkp

2022-09-30 14:30:24,266 ERROR 511 [-/undefined/-/2657ms GET /] nodejs.InternalServerError: 参数异常
    at Object.throw (/home/projects/webcontainer-egg-ct8fkp/node_modules/koa/lib/context.js:97:11)
    at HomeController.index (/home/projects/webcontainer-egg-ct8fkp/app/controller/home.js:10:21)
    at async errrorHanlder (/home/projects/webcontainer-egg-ct8fkp/app/middleware/error_hanlder.js:4:7)
    at async eval (/home/projects/webcontainer-egg-ct8fkp/node_modules/egg-development/app/middleware/egg_loader_trace.js:9:50)
    at async xssProtection (/home/projects/webcontainer-egg-ct8fkp/node_modules/egg-security/lib/middlewares/xssProtection.js:7:5)
    at async nosniff (/home/projects/webcontainer-egg-ct8fkp/node_modules/egg-security/lib/middlewares/nosniff.js:8:5)
    at async noopen (/home/projects/webcontainer-egg-ct8fkp/node_modules/egg-security/lib/middlewares/noopen.js:8:5)
    at async session (/home/projects/webcontainer-egg-ct8fkp/node_modules/koa-session/index.js:41:7)
    at async bodyParser (/home/projects/webcontainer-egg-ct8fkp/node_modules/koa-bodyparser/index.js:95:5)
    at async eval (/home/projects/webcontainer-egg-ct8fkp/node_modules/koa-static-cache/index.js:41:56)
message: "参数异常"
pid: 511
hostname: webcontainer-egg-ct8fkp

2022-09-30 14:30:24,267 ERROR 511 [-/undefined/-/2658ms GET /] nodejs.ReferenceError: fasle is not defined
    at errrorHanlder (/home/projects/webcontainer-egg-ct8fkp/app/middleware/error_hanlder.js:11:18)
    at async eval (/home/projects/webcontainer-egg-ct8fkp/node_modules/egg-development/app/middleware/egg_loader_trace.js:9:50)
    at async xssProtection (/home/projects/webcontainer-egg-ct8fkp/node_modules/egg-security/lib/middlewares/xssProtection.js:7:5)
    at async nosniff (/home/projects/webcontainer-egg-ct8fkp/node_modules/egg-security/lib/middlewares/nosniff.js:8:5)
    at async noopen (/home/projects/webcontainer-egg-ct8fkp/node_modules/egg-security/lib/middlewares/noopen.js:8:5)
    at async session (/home/projects/webcontainer-egg-ct8fkp/node_modules/koa-session/index.js:41:7)
    at async bodyParser (/home/projects/webcontainer-egg-ct8fkp/node_modules/koa-bodyparser/index.js:95:5)
    at async eval (/home/projects/webcontainer-egg-ct8fkp/node_modules/koa-static-cache/index.js:41:56)
    at async notfound (/home/projects/webcontainer-egg-ct8fkp/node_modules/egg/app/middleware/notfound.js:5:5)
    at async meta (/home/projects/webcontainer-egg-ct8fkp/node_modules/egg/app/middleware/meta.js:17:5)

pid: 511
hostname: webcontainer-egg-ct8fkp

2022-09-30 14:30:24,876 ERROR 511 [-/undefined/-/3253ms GET /] nodejs.InternalServerError: 参数异常
    at Object.throw (/home/projects/webcontainer-egg-ct8fkp/node_modules/koa/lib/context.js:97:11)
    at HomeController.index (/home/projects/webcontainer-egg-ct8fkp/app/controller/home.js:10:21)
    at async errrorHanlder (/home/projects/webcontainer-egg-ct8fkp/app/middleware/error_hanlder.js:4:7)
    at async eval (/home/projects/webcontainer-egg-ct8fkp/node_modules/egg-development/app/middleware/egg_loader_trace.js:9:50)
    at async xssProtection (/home/projects/webcontainer-egg-ct8fkp/node_modules/egg-security/lib/middlewares/xssProtection.js:7:5)
    at async nosniff (/home/projects/webcontainer-egg-ct8fkp/node_modules/egg-security/lib/middlewares/nosniff.js:8:5)
    at async noopen (/home/projects/webcontainer-egg-ct8fkp/node_modules/egg-security/lib/middlewares/noopen.js:8:5)
    at async session (/home/projects/webcontainer-egg-ct8fkp/node_modules/koa-session/index.js:41:7)
    at async bodyParser (/home/projects/webcontainer-egg-ct8fkp/node_modules/koa-bodyparser/index.js:95:5)
    at async eval (/home/projects/webcontainer-egg-ct8fkp/node_modules/koa-static-cache/index.js:41:56)
message: "参数异常"
pid: 511
hostname: webcontainer-egg-ct8fkp

2022-09-30 14:30:24,877 ERROR 511 [-/undefined/-/3254ms GET /] nodejs.ReferenceError: fasle is not defined
    at errrorHanlder (/home/projects/webcontainer-egg-ct8fkp/app/middleware/error_hanlder.js:11:18)
    at async eval (/home/projects/webcontainer-egg-ct8fkp/node_modules/egg-development/app/middleware/egg_loader_trace.js:9:50)
    at async xssProtection (/home/projects/webcontainer-egg-ct8fkp/node_modules/egg-security/lib/middlewares/xssProtection.js:7:5)
    at async nosniff (/home/projects/webcontainer-egg-ct8fkp/node_modules/egg-security/lib/middlewares/nosniff.js:8:5)
    at async noopen (/home/projects/webcontainer-egg-ct8fkp/node_modules/egg-security/lib/middlewares/noopen.js:8:5)
    at async session (/home/projects/webcontainer-egg-ct8fkp/node_modules/koa-session/index.js:41:7)
    at async bodyParser (/home/projects/webcontainer-egg-ct8fkp/node_modules/koa-bodyparser/index.js:95:5)
    at async eval (/home/projects/webcontainer-egg-ct8fkp/node_modules/koa-static-cache/index.js:41:56)
    at async notfound (/home/projects/webcontainer-egg-ct8fkp/node_modules/egg/app/middleware/notfound.js:5:5)
    at async meta (/home/projects/webcontainer-egg-ct8fkp/node_modules/egg/app/middleware/meta.js:17:5)

pid: 511
hostname: webcontainer-egg-ct8fkp

2022-09-30 14:30:28,999 ERROR 511 [-/undefined/-/6845ms GET /] nodejs.InternalServerError: 参数异常
    at Object.throw (/home/projects/webcontainer-egg-ct8fkp/node_modules/koa/lib/context.js:97:11)
    at HomeController.index (/home/projects/webcontainer-egg-ct8fkp/app/controller/home.js:10:21)
    at async errrorHanlder (/home/projects/webcontainer-egg-ct8fkp/app/middleware/error_hanlder.js:4:7)
    at async eval (/home/projects/webcontainer-egg-ct8fkp/node_modules/egg-development/app/middleware/egg_loader_trace.js:9:50)
    at async xssProtection (/home/projects/webcontainer-egg-ct8fkp/node_modules/egg-security/lib/middlewares/xssProtection.js:7:5)
    at async nosniff (/home/projects/webcontainer-egg-ct8fkp/node_modules/egg-security/lib/middlewares/nosniff.js:8:5)
    at async noopen (/home/projects/webcontainer-egg-ct8fkp/node_modules/egg-security/lib/middlewares/noopen.js:8:5)
    at async session (/home/projects/webcontainer-egg-ct8fkp/node_modules/koa-session/index.js:41:7)
    at async bodyParser (/home/projects/webcontainer-egg-ct8fkp/node_modules/koa-bodyparser/index.js:95:5)
    at async eval (/home/projects/webcontainer-egg-ct8fkp/node_modules/koa-static-cache/index.js:41:56)
message: "参数异常"
pid: 511
hostname: webcontainer-egg-ct8fkp

2022-09-30 14:30:29,000 ERROR 511 [-/undefined/-/6845ms GET /] nodejs.ReferenceError: fasle is not defined
    at errrorHanlder (/home/projects/webcontainer-egg-ct8fkp/app/middleware/error_hanlder.js:11:18)
    at async eval (/home/projects/webcontainer-egg-ct8fkp/node_modules/egg-development/app/middleware/egg_loader_trace.js:9:50)
    at async xssProtection (/home/projects/webcontainer-egg-ct8fkp/node_modules/egg-security/lib/middlewares/xssProtection.js:7:5)
    at async nosniff (/home/projects/webcontainer-egg-ct8fkp/node_modules/egg-security/lib/middlewares/nosniff.js:8:5)
    at async noopen (/home/projects/webcontainer-egg-ct8fkp/node_modules/egg-security/lib/middlewares/noopen.js:8:5)
    at async session (/home/projects/webcontainer-egg-ct8fkp/node_modules/koa-session/index.js:41:7)
    at async bodyParser (/home/projects/webcontainer-egg-ct8fkp/node_modules/koa-bodyparser/index.js:95:5)
    at async eval (/home/projects/webcontainer-egg-ct8fkp/node_modules/koa-static-cache/index.js:41:56)
    at async notfound (/home/projects/webcontainer-egg-ct8fkp/node_modules/egg/app/middleware/notfound.js:5:5)
    at async meta (/home/projects/webcontainer-egg-ct8fkp/node_modules/egg/app/middleware/meta.js:17:5)

pid: 511
hostname: webcontainer-egg-ct8fkp

2022-09-30 14:30:38,388 ERROR 511 [-/undefined/-/2166ms GET /?token=123] nodejs.InternalServerError: 参数异常
    at Object.throw (/home/projects/webcontainer-egg-ct8fkp/node_modules/koa/lib/context.js:97:11)
    at HomeController.index (/home/projects/webcontainer-egg-ct8fkp/app/controller/home.js:10:21)
    at async errrorHanlder (/home/projects/webcontainer-egg-ct8fkp/app/middleware/error_hanlder.js:4:7)
    at async eval (/home/projects/webcontainer-egg-ct8fkp/node_modules/egg-development/app/middleware/egg_loader_trace.js:9:50)
    at async xssProtection (/home/projects/webcontainer-egg-ct8fkp/node_modules/egg-security/lib/middlewares/xssProtection.js:7:5)
    at async nosniff (/home/projects/webcontainer-egg-ct8fkp/node_modules/egg-security/lib/middlewares/nosniff.js:8:5)
    at async noopen (/home/projects/webcontainer-egg-ct8fkp/node_modules/egg-security/lib/middlewares/noopen.js:8:5)
    at async session (/home/projects/webcontainer-egg-ct8fkp/node_modules/koa-session/index.js:41:7)
    at async bodyParser (/home/projects/webcontainer-egg-ct8fkp/node_modules/koa-bodyparser/index.js:95:5)
    at async eval (/home/projects/webcontainer-egg-ct8fkp/node_modules/koa-static-cache/index.js:41:56)
message: "参数异常"
pid: 511
hostname: webcontainer-egg-ct8fkp

2022-09-30 14:30:38,389 ERROR 511 [-/undefined/-/2167ms GET /?token=123] nodejs.ReferenceError: fasle is not defined
    at errrorHanlder (/home/projects/webcontainer-egg-ct8fkp/app/middleware/error_hanlder.js:11:18)
    at async eval (/home/projects/webcontainer-egg-ct8fkp/node_modules/egg-development/app/middleware/egg_loader_trace.js:9:50)
    at async xssProtection (/home/projects/webcontainer-egg-ct8fkp/node_modules/egg-security/lib/middlewares/xssProtection.js:7:5)
    at async nosniff (/home/projects/webcontainer-egg-ct8fkp/node_modules/egg-security/lib/middlewares/nosniff.js:8:5)
    at async noopen (/home/projects/webcontainer-egg-ct8fkp/node_modules/egg-security/lib/middlewares/noopen.js:8:5)
    at async session (/home/projects/webcontainer-egg-ct8fkp/node_modules/koa-session/index.js:41:7)
    at async bodyParser (/home/projects/webcontainer-egg-ct8fkp/node_modules/koa-bodyparser/index.js:95:5)
    at async eval (/home/projects/webcontainer-egg-ct8fkp/node_modules/koa-static-cache/index.js:41:56)
    at async notfound (/home/projects/webcontainer-egg-ct8fkp/node_modules/egg/app/middleware/notfound.js:5:5)
    at async meta (/home/projects/webcontainer-egg-ct8fkp/node_modules/egg/app/middleware/meta.js:17:5)

pid: 511
hostname: webcontainer-egg-ct8fkp

2022-09-30 14:31:37,837 ERROR 515 [-/undefined/-/3110ms GET /?token=123] nodejs.InternalServerError: 参数异常
    at Object.throw (/home/projects/webcontainer-egg-ct8fkp/node_modules/koa/lib/context.js:97:11)
    at HomeController.index (/home/projects/webcontainer-egg-ct8fkp/app/controller/home.js:10:21)
    at async errrorHanlder (/home/projects/webcontainer-egg-ct8fkp/app/middleware/error_hanlder.js:4:7)
    at async eval (/home/projects/webcontainer-egg-ct8fkp/node_modules/egg-development/app/middleware/egg_loader_trace.js:9:50)
    at async xssProtection (/home/projects/webcontainer-egg-ct8fkp/node_modules/egg-security/lib/middlewares/xssProtection.js:7:5)
    at async nosniff (/home/projects/webcontainer-egg-ct8fkp/node_modules/egg-security/lib/middlewares/nosniff.js:8:5)
    at async noopen (/home/projects/webcontainer-egg-ct8fkp/node_modules/egg-security/lib/middlewares/noopen.js:8:5)
    at async session (/home/projects/webcontainer-egg-ct8fkp/node_modules/koa-session/index.js:41:7)
    at async bodyParser (/home/projects/webcontainer-egg-ct8fkp/node_modules/koa-bodyparser/index.js:95:5)
    at async eval (/home/projects/webcontainer-egg-ct8fkp/node_modules/koa-static-cache/index.js:41:56)
message: "参数异常"
pid: 515
hostname: webcontainer-egg-ct8fkp

2022-09-30 14:31:38,546 ERROR 515 [-/undefined/-/3778ms GET /] nodejs.InternalServerError: 参数异常
    at Object.throw (/home/projects/webcontainer-egg-ct8fkp/node_modules/koa/lib/context.js:97:11)
    at HomeController.index (/home/projects/webcontainer-egg-ct8fkp/app/controller/home.js:10:21)
    at async errrorHanlder (/home/projects/webcontainer-egg-ct8fkp/app/middleware/error_hanlder.js:4:7)
    at async eval (/home/projects/webcontainer-egg-ct8fkp/node_modules/egg-development/app/middleware/egg_loader_trace.js:9:50)
    at async xssProtection (/home/projects/webcontainer-egg-ct8fkp/node_modules/egg-security/lib/middlewares/xssProtection.js:7:5)
    at async nosniff (/home/projects/webcontainer-egg-ct8fkp/node_modules/egg-security/lib/middlewares/nosniff.js:8:5)
    at async noopen (/home/projects/webcontainer-egg-ct8fkp/node_modules/egg-security/lib/middlewares/noopen.js:8:5)
    at async session (/home/projects/webcontainer-egg-ct8fkp/node_modules/koa-session/index.js:41:7)
    at async bodyParser (/home/projects/webcontainer-egg-ct8fkp/node_modules/koa-bodyparser/index.js:95:5)
    at async eval (/home/projects/webcontainer-egg-ct8fkp/node_modules/koa-static-cache/index.js:41:56)
message: "参数异常"
pid: 515
hostname: webcontainer-egg-ct8fkp

2022-09-30 14:32:40,871 ERROR 519 [-/undefined/-/3614ms GET /?token] nodejs.InternalServerError: 参数异常
    at Object.throw (/home/projects/webcontainer-egg-ct8fkp/node_modules/koa/lib/context.js:97:11)
    at HomeController.index (/home/projects/webcontainer-egg-ct8fkp/app/controller/home.js:10:21)
    at async errrorHanlder (/home/projects/webcontainer-egg-ct8fkp/app/middleware/error_hanlder.js:4:7)
    at async eval (/home/projects/webcontainer-egg-ct8fkp/node_modules/egg-development/app/middleware/egg_loader_trace.js:9:50)
    at async xssProtection (/home/projects/webcontainer-egg-ct8fkp/node_modules/egg-security/lib/middlewares/xssProtection.js:7:5)
    at async nosniff (/home/projects/webcontainer-egg-ct8fkp/node_modules/egg-security/lib/middlewares/nosniff.js:8:5)
    at async noopen (/home/projects/webcontainer-egg-ct8fkp/node_modules/egg-security/lib/middlewares/noopen.js:8:5)
    at async session (/home/projects/webcontainer-egg-ct8fkp/node_modules/koa-session/index.js:41:7)
    at async bodyParser (/home/projects/webcontainer-egg-ct8fkp/node_modules/koa-bodyparser/index.js:95:5)
    at async eval (/home/projects/webcontainer-egg-ct8fkp/node_modules/koa-static-cache/index.js:41:56)
message: "参数异常"
pid: 519
hostname: webcontainer-egg-ct8fkp

2022-09-30 14:32:41,139 ERROR 519 [-/undefined/-/3582ms GET /?token] nodejs.InternalServerError: 参数异常
    at Object.throw (/home/projects/webcontainer-egg-ct8fkp/node_modules/koa/lib/context.js:97:11)
    at HomeController.index (/home/projects/webcontainer-egg-ct8fkp/app/controller/home.js:10:21)
    at async errrorHanlder (/home/projects/webcontainer-egg-ct8fkp/app/middleware/error_hanlder.js:4:7)
    at async eval (/home/projects/webcontainer-egg-ct8fkp/node_modules/egg-development/app/middleware/egg_loader_trace.js:9:50)
    at async xssProtection (/home/projects/webcontainer-egg-ct8fkp/node_modules/egg-security/lib/middlewares/xssProtection.js:7:5)
    at async nosniff (/home/projects/webcontainer-egg-ct8fkp/node_modules/egg-security/lib/middlewares/nosniff.js:8:5)
    at async noopen (/home/projects/webcontainer-egg-ct8fkp/node_modules/egg-security/lib/middlewares/noopen.js:8:5)
    at async session (/home/projects/webcontainer-egg-ct8fkp/node_modules/koa-session/index.js:41:7)
    at async bodyParser (/home/projects/webcontainer-egg-ct8fkp/node_modules/koa-bodyparser/index.js:95:5)
    at async eval (/home/projects/webcontainer-egg-ct8fkp/node_modules/koa-static-cache/index.js:41:56)
message: "参数异常"
pid: 519
hostname: webcontainer-egg-ct8fkp

2022-09-30 14:41:05,318 ERROR 523 [-/undefined/-/4760ms GET /] nodejs.InternalServerError: 参数异常
    at Object.throw (/home/projects/webcontainer-egg-ct8fkp/node_modules/koa/lib/context.js:97:11)
    at HomeController.index (/home/projects/webcontainer-egg-ct8fkp/app/controller/home.js:10:21)
    at async errrorHanlder (/home/projects/webcontainer-egg-ct8fkp/app/middleware/error_hanlder.js:4:7)
    at async eval (/home/projects/webcontainer-egg-ct8fkp/node_modules/egg-development/app/middleware/egg_loader_trace.js:9:50)
    at async xssProtection (/home/projects/webcontainer-egg-ct8fkp/node_modules/egg-security/lib/middlewares/xssProtection.js:7:5)
    at async nosniff (/home/projects/webcontainer-egg-ct8fkp/node_modules/egg-security/lib/middlewares/nosniff.js:8:5)
    at async noopen (/home/projects/webcontainer-egg-ct8fkp/node_modules/egg-security/lib/middlewares/noopen.js:8:5)
    at async session (/home/projects/webcontainer-egg-ct8fkp/node_modules/koa-session/index.js:41:7)
    at async bodyParser (/home/projects/webcontainer-egg-ct8fkp/node_modules/koa-bodyparser/index.js:95:5)
    at async eval (/home/projects/webcontainer-egg-ct8fkp/node_modules/koa-static-cache/index.js:41:56)
message: "参数异常"
pid: 523
hostname: webcontainer-egg-ct8fkp

2022-09-30 14:41:05,319 ERROR 523 [-/undefined/-/4393ms GET /] nodejs.InternalServerError: 参数异常
    at Object.throw (/home/projects/webcontainer-egg-ct8fkp/node_modules/koa/lib/context.js:97:11)
    at HomeController.index (/home/projects/webcontainer-egg-ct8fkp/app/controller/home.js:10:21)
    at async errrorHanlder (/home/projects/webcontainer-egg-ct8fkp/app/middleware/error_hanlder.js:4:7)
    at async eval (/home/projects/webcontainer-egg-ct8fkp/node_modules/egg-development/app/middleware/egg_loader_trace.js:9:50)
    at async xssProtection (/home/projects/webcontainer-egg-ct8fkp/node_modules/egg-security/lib/middlewares/xssProtection.js:7:5)
    at async nosniff (/home/projects/webcontainer-egg-ct8fkp/node_modules/egg-security/lib/middlewares/nosniff.js:8:5)
    at async noopen (/home/projects/webcontainer-egg-ct8fkp/node_modules/egg-security/lib/middlewares/noopen.js:8:5)
    at async session (/home/projects/webcontainer-egg-ct8fkp/node_modules/koa-session/index.js:41:7)
    at async bodyParser (/home/projects/webcontainer-egg-ct8fkp/node_modules/koa-bodyparser/index.js:95:5)
    at async eval (/home/projects/webcontainer-egg-ct8fkp/node_modules/koa-static-cache/index.js:41:56)
message: "参数异常"
pid: 523
hostname: webcontainer-egg-ct8fkp

2022-09-30 14:41:55,651 ERROR 527 [-/undefined/-/1424ms GET /] nodejs.InternalServerError: not order
    at Object.throw (/home/projects/webcontainer-egg-ct8fkp/node_modules/koa/lib/context.js:97:11)
    at HomeService.getOpenseaData (/home/projects/webcontainer-egg-ct8fkp/app/service/home.js:27:21)
    at async HomeController.index (/home/projects/webcontainer-egg-ct8fkp/app/controller/home.js:7:18)
    at async errrorHanlder (/home/projects/webcontainer-egg-ct8fkp/app/middleware/error_hanlder.js:4:7)
    at async eval (/home/projects/webcontainer-egg-ct8fkp/node_modules/egg-development/app/middleware/egg_loader_trace.js:9:50)
    at async xssProtection (/home/projects/webcontainer-egg-ct8fkp/node_modules/egg-security/lib/middlewares/xssProtection.js:7:5)
    at async nosniff (/home/projects/webcontainer-egg-ct8fkp/node_modules/egg-security/lib/middlewares/nosniff.js:8:5)
    at async noopen (/home/projects/webcontainer-egg-ct8fkp/node_modules/egg-security/lib/middlewares/noopen.js:8:5)
    at async session (/home/projects/webcontainer-egg-ct8fkp/node_modules/koa-session/index.js:41:7)
    at async bodyParser (/home/projects/webcontainer-egg-ct8fkp/node_modules/koa-bodyparser/index.js:95:5)
message: "not order"
pid: 527
hostname: webcontainer-egg-ct8fkp

2022-09-30 14:42:06,662 ERROR 527 [-/undefined/-/801ms GET /] nodejs.InternalServerError: not order
    at Object.throw (/home/projects/webcontainer-egg-ct8fkp/node_modules/koa/lib/context.js:97:11)
    at HomeService.getOpenseaData (/home/projects/webcontainer-egg-ct8fkp/app/service/home.js:27:21)
    at async HomeController.index (/home/projects/webcontainer-egg-ct8fkp/app/controller/home.js:7:18)
    at async errrorHanlder (/home/projects/webcontainer-egg-ct8fkp/app/middleware/error_hanlder.js:4:7)
    at async eval (/home/projects/webcontainer-egg-ct8fkp/node_modules/egg-development/app/middleware/egg_loader_trace.js:9:50)
    at async xssProtection (/home/projects/webcontainer-egg-ct8fkp/node_modules/egg-security/lib/middlewares/xssProtection.js:7:5)
    at async nosniff (/home/projects/webcontainer-egg-ct8fkp/node_modules/egg-security/lib/middlewares/nosniff.js:8:5)
    at async noopen (/home/projects/webcontainer-egg-ct8fkp/node_modules/egg-security/lib/middlewares/noopen.js:8:5)
    at async session (/home/projects/webcontainer-egg-ct8fkp/node_modules/koa-session/index.js:41:7)
    at async bodyParser (/home/projects/webcontainer-egg-ct8fkp/node_modules/koa-bodyparser/index.js:95:5)
message: "not order"
pid: 527
hostname: webcontainer-egg-ct8fkp

2022-09-30 14:53:51,249 ERROR 535 [-/undefined/-/4ms GET /] nodejs.InternalServerError: 参数异常
    at Object.throw (/home/projects/webcontainer-egg-ct8fkp/node_modules/koa/lib/context.js:97:11)
    at HomeController.index (/home/projects/webcontainer-egg-ct8fkp/app/controller/home.js:9:21)
    at Object.callFn (/home/projects/webcontainer-egg-ct8fkp/node_modules/egg-core/lib/utils/index.js:44:21)
    at Object.classControllerMiddleware (/home/projects/webcontainer-egg-ct8fkp/node_modules/egg-core/lib/loader/mixin/controller.js:87:20)
    at Object.callFn (/home/projects/webcontainer-egg-ct8fkp/node_modules/@eggjs/router/lib/utils.js:12:21)
    at wrappedController (/home/projects/webcontainer-egg-ct8fkp/node_modules/@eggjs/router/lib/egg_router.js:322:18)
    at dispatch (/home/projects/webcontainer-egg-ct8fkp/node_modules/koa-compose/index.js:44:32)
    at next (/home/projects/webcontainer-egg-ct8fkp/node_modules/koa-compose/index.js:45:18)
    at eval (/home/projects/webcontainer-egg-ct8fkp/node_modules/@eggjs/router/lib/router.js:190:18)
    at dispatch (/home/projects/webcontainer-egg-ct8fkp/node_modules/koa-compose/index.js:44:32)
message: "参数异常"
pid: 535
hostname: webcontainer-egg-ct8fkp

2022-09-30 14:53:51,900 ERROR 535 [-/undefined/-/1ms GET /] nodejs.InternalServerError: 参数异常
    at Object.throw (/home/projects/webcontainer-egg-ct8fkp/node_modules/koa/lib/context.js:97:11)
    at HomeController.index (/home/projects/webcontainer-egg-ct8fkp/app/controller/home.js:9:21)
    at Object.callFn (/home/projects/webcontainer-egg-ct8fkp/node_modules/egg-core/lib/utils/index.js:44:21)
    at Object.classControllerMiddleware (/home/projects/webcontainer-egg-ct8fkp/node_modules/egg-core/lib/loader/mixin/controller.js:87:20)
    at Object.callFn (/home/projects/webcontainer-egg-ct8fkp/node_modules/@eggjs/router/lib/utils.js:12:21)
    at wrappedController (/home/projects/webcontainer-egg-ct8fkp/node_modules/@eggjs/router/lib/egg_router.js:322:18)
    at dispatch (/home/projects/webcontainer-egg-ct8fkp/node_modules/koa-compose/index.js:44:32)
    at next (/home/projects/webcontainer-egg-ct8fkp/node_modules/koa-compose/index.js:45:18)
    at eval (/home/projects/webcontainer-egg-ct8fkp/node_modules/@eggjs/router/lib/router.js:190:18)
    at dispatch (/home/projects/webcontainer-egg-ct8fkp/node_modules/koa-compose/index.js:44:32)
message: "参数异常"
pid: 535
hostname: webcontainer-egg-ct8fkp

2022-09-30 14:54:09,615 ERROR 535 [-/undefined/-/2ms GET /] nodejs.InternalServerError: 参数异常
    at Object.throw (/home/projects/webcontainer-egg-ct8fkp/node_modules/koa/lib/context.js:97:11)
    at HomeController.index (/home/projects/webcontainer-egg-ct8fkp/app/controller/home.js:9:21)
    at Object.callFn (/home/projects/webcontainer-egg-ct8fkp/node_modules/egg-core/lib/utils/index.js:44:21)
    at Object.classControllerMiddleware (/home/projects/webcontainer-egg-ct8fkp/node_modules/egg-core/lib/loader/mixin/controller.js:87:20)
    at Object.callFn (/home/projects/webcontainer-egg-ct8fkp/node_modules/@eggjs/router/lib/utils.js:12:21)
    at wrappedController (/home/projects/webcontainer-egg-ct8fkp/node_modules/@eggjs/router/lib/egg_router.js:322:18)
    at dispatch (/home/projects/webcontainer-egg-ct8fkp/node_modules/koa-compose/index.js:44:32)
    at next (/home/projects/webcontainer-egg-ct8fkp/node_modules/koa-compose/index.js:45:18)
    at eval (/home/projects/webcontainer-egg-ct8fkp/node_modules/@eggjs/router/lib/router.js:190:18)
    at dispatch (/home/projects/webcontainer-egg-ct8fkp/node_modules/koa-compose/index.js:44:32)
message: "参数异常"
pid: 535
hostname: webcontainer-egg-ct8fkp

2022-09-30 14:59:59,605 ERROR 540 [-/undefined/-/4ms GET /] nodejs.InternalServerError: 参数异常
    at Object.throw (/home/projects/webcontainer-egg-ct8fkp/node_modules/koa/lib/context.js:97:11)
    at HomeController.index (/home/projects/webcontainer-egg-ct8fkp/app/controller/home.js:9:21)
    at Object.callFn (/home/projects/webcontainer-egg-ct8fkp/node_modules/egg-core/lib/utils/index.js:44:21)
    at Object.classControllerMiddleware (/home/projects/webcontainer-egg-ct8fkp/node_modules/egg-core/lib/loader/mixin/controller.js:87:20)
    at Object.callFn (/home/projects/webcontainer-egg-ct8fkp/node_modules/@eggjs/router/lib/utils.js:12:21)
    at wrappedController (/home/projects/webcontainer-egg-ct8fkp/node_modules/@eggjs/router/lib/egg_router.js:322:18)
    at dispatch (/home/projects/webcontainer-egg-ct8fkp/node_modules/koa-compose/index.js:44:32)
    at next (/home/projects/webcontainer-egg-ct8fkp/node_modules/koa-compose/index.js:45:18)
    at eval (/home/projects/webcontainer-egg-ct8fkp/node_modules/@eggjs/router/lib/router.js:190:18)
    at dispatch (/home/projects/webcontainer-egg-ct8fkp/node_modules/koa-compose/index.js:44:32)
message: "参数异常"
pid: 540
hostname: webcontainer-egg-ct8fkp

2022-09-30 15:00:00,322 ERROR 540 [-/undefined/-/1ms GET /] nodejs.InternalServerError: 参数异常
    at Object.throw (/home/projects/webcontainer-egg-ct8fkp/node_modules/koa/lib/context.js:97:11)
    at HomeController.index (/home/projects/webcontainer-egg-ct8fkp/app/controller/home.js:9:21)
    at Object.callFn (/home/projects/webcontainer-egg-ct8fkp/node_modules/egg-core/lib/utils/index.js:44:21)
    at Object.classControllerMiddleware (/home/projects/webcontainer-egg-ct8fkp/node_modules/egg-core/lib/loader/mixin/controller.js:87:20)
    at Object.callFn (/home/projects/webcontainer-egg-ct8fkp/node_modules/@eggjs/router/lib/utils.js:12:21)
    at wrappedController (/home/projects/webcontainer-egg-ct8fkp/node_modules/@eggjs/router/lib/egg_router.js:322:18)
    at dispatch (/home/projects/webcontainer-egg-ct8fkp/node_modules/koa-compose/index.js:44:32)
    at next (/home/projects/webcontainer-egg-ct8fkp/node_modules/koa-compose/index.js:45:18)
    at eval (/home/projects/webcontainer-egg-ct8fkp/node_modules/@eggjs/router/lib/router.js:190:18)
    at dispatch (/home/projects/webcontainer-egg-ct8fkp/node_modules/koa-compose/index.js:44:32)
message: "参数异常"
pid: 540
hostname: webcontainer-egg-ct8fkp

